03-27-2025 @ 12:02:07 - ---[ New import started at 2025-03-27 11:02:07 ] PHP Memory: 128 Mo, WP Memory: 40 Mo
03-27-2025 @ 12:02:07 - Preparing for import.
03-27-2025 @ 12:02:07 - Row :1 - Parsing item.
03-27-2025 @ 12:02:07 - Row :1 - Parsing failed. Reason: Importing Product(ID) conflicts with an existing post. ID: 1
03-27-2025 @ 12:02:07 - Row :2 - Parsing item.
03-27-2025 @ 12:02:07 - Row :2 - Parsing failed. Reason: Importing Product(ID) conflicts with an existing post. ID: 2
03-27-2025 @ 12:02:07 - Row :3 - Parsing item.
03-27-2025 @ 12:02:07 - Row :3 - Parsing failed. Reason: Importing Product(ID) conflicts with an existing post. ID: 3
03-27-2025 @ 12:02:07 - Row :4 - Parsing item.
03-27-2025 @ 12:02:07 - Row :4 - Parsing failed. Reason: Importing Product(ID) conflicts with an existing post. ID: 4
03-27-2025 @ 12:02:07 - Row :5 - Parsing item.
03-27-2025 @ 12:02:07 - Row :5 - Parsing failed. Reason: Impossible d’insérer la publication dans la base de données
03-27-2025 @ 12:02:07 - Row :6 - Parsing item.
03-27-2025 @ 12:02:07 - Row :6 - Parsing failed. Reason: Impossible d’insérer la publication dans la base de données
03-27-2025 @ 12:02:07 - Row :7 - Parsing item.
03-27-2025 @ 12:02:07 - Row :7 - Parsing failed. Reason: Importing Product(ID) conflicts with an existing post. ID: 7
03-27-2025 @ 12:02:07 - Row :8 - Parsing item.
03-27-2025 @ 12:02:07 - Row :8 - Parsing failed. Reason: Impossible d’insérer la publication dans la base de données
03-27-2025 @ 12:02:07 - Row :9 - Parsing item.
03-27-2025 @ 12:02:07 - Row :9 - Parsing failed. Reason: Impossible d’insérer la publication dans la base de données
03-27-2025 @ 12:02:07 - Row :10 - Parsing item.
03-27-2025 @ 12:02:07 - Row :10 - Parsing failed. Reason: Impossible d’insérer la publication dans la base de données
03-27-2025 @ 12:02:08 - Preparing for import.
03-27-2025 @ 12:02:08 - Row :11 - Parsing item.
03-27-2025 @ 12:02:08 - Row :11 - Parsing failed. Reason: Impossible d’insérer la publication dans la base de données
03-27-2025 @ 12:02:08 - Row :12 - Parsing item.
03-27-2025 @ 12:02:08 - Row :12 - Parsing failed. Reason: Impossible d’insérer la publication dans la base de données
03-27-2025 @ 12:02:08 - Row :13 - Parsing item.
03-27-2025 @ 12:02:08 - Row :13 - Parsing failed. Reason: Impossible d’insérer la publication dans la base de données
03-27-2025 @ 12:02:08 - Row :14 - Parsing item.
03-27-2025 @ 12:02:08 - Row :14 - Parsing failed. Reason: Impossible d’insérer la publication dans la base de données
03-27-2025 @ 12:02:08 - Row :15 - Parsing item.
03-27-2025 @ 12:02:08 - Row :15 - Parsing failed. Reason: Impossible d’insérer la publication dans la base de données
03-27-2025 @ 12:02:08 - Row :16 - Parsing item.
03-27-2025 @ 12:02:08 - Row :16 - Parsing failed. Reason: Impossible d’insérer la publication dans la base de données
03-27-2025 @ 12:02:08 - Row :17 - Parsing item.
03-27-2025 @ 12:02:08 - Row :17 - Parsing failed. Reason: Impossible d’insérer la publication dans la base de données
03-27-2025 @ 12:02:08 - Row :18 - Parsing item.
03-27-2025 @ 12:02:08 - Row :18 - Parsing failed. Reason: Impossible d’insérer la publication dans la base de données
03-27-2025 @ 12:02:08 - Row :19 - Parsing item.
03-27-2025 @ 12:02:08 - Row :19 - Parsing failed. Reason: Impossible d’insérer la publication dans la base de données
03-27-2025 @ 12:02:08 - Row :20 - Parsing item.
03-27-2025 @ 12:02:08 - Row :20 - Parsing failed. Reason: Impossible d’insérer la publication dans la base de données
03-27-2025 @ 12:02:09 - Preparing for import.
03-27-2025 @ 12:02:09 - Row :21 - Parsing item.
03-27-2025 @ 12:02:09 - Row :21 - Parsing failed. Reason: Impossible d’insérer la publication dans la base de données
03-27-2025 @ 12:02:09 - Row :22 - Parsing item.
03-27-2025 @ 12:02:09 - Row :22 - Parsing failed. Reason: Impossible d’insérer la publication dans la base de données
03-27-2025 @ 12:02:09 - Row :23 - Parsing item.
03-27-2025 @ 12:02:09 - Row :23 - Parsing failed. Reason: Impossible d’insérer la publication dans la base de données
03-27-2025 @ 12:02:09 - Row :24 - Parsing item.
03-27-2025 @ 12:02:09 - Row :24 - Parsing failed. Reason: Impossible d’insérer la publication dans la base de données
03-27-2025 @ 12:02:09 - Row :25 - Parsing item.
03-27-2025 @ 12:02:09 - Row :25 - Parsing failed. Reason: Impossible d’insérer la publication dans la base de données
03-27-2025 @ 12:02:09 - Row :26 - Parsing item.
03-27-2025 @ 12:02:09 - Row :26 - Parsing failed. Reason: Impossible d’insérer la publication dans la base de données
03-27-2025 @ 12:02:09 - Row :27 - Parsing item.
03-27-2025 @ 12:02:09 - Row :27 - Parsing failed. Reason: Impossible d’insérer la publication dans la base de données
03-27-2025 @ 12:02:09 - Row :28 - Parsing item.
03-27-2025 @ 12:02:09 - Row :28 - Parsing failed. Reason: Impossible d’insérer la publication dans la base de données
03-27-2025 @ 12:02:09 - Row :29 - Parsing item.
03-27-2025 @ 12:02:09 - Row :29 - Parsing failed. Reason: Impossible d’insérer la publication dans la base de données
03-27-2025 @ 12:02:09 - Row :30 - Parsing item.
03-27-2025 @ 12:02:09 - Row :30 - Parsing failed. Reason: Impossible d’insérer la publication dans la base de données
03-27-2025 @ 12:02:09 - ---[ Import ended at 2025-03-27 11:02:09]---
